SF:lib\models\booking.dart
DA:3,1
DA:34,2
DA:60,2
DA:67,6
DA:68,2
DA:69,2
DA:70,2
DA:71,2
DA:76,2
DA:77,2
DA:79,2
DA:80,2
DA:81,2
DA:82,2
DA:85,4
DA:86,2
DA:87,2
DA:88,2
DA:89,2
DA:90,4
DA:91,4
DA:92,2
DA:93,4
DA:94,4
DA:98,2
DA:99,4
DA:100,2
DA:101,2
DA:102,2
DA:103,4
DA:104,2
DA:109,2
DA:110,2
DA:111,4
DA:112,4
DA:113,4
DA:114,4
DA:115,4
DA:116,10
DA:117,4
DA:118,4
DA:119,4
DA:120,4
DA:121,6
DA:122,6
DA:123,4
DA:124,6
DA:125,6
DA:126,6
DA:127,4
DA:128,4
DA:129,4
DA:137,1
DA:162,1
DA:163,1
DA:164,1
DA:165,1
DA:166,1
DA:167,1
DA:168,1
DA:169,1
DA:170,1
DA:171,1
DA:172,1
DA:173,1
DA:174,1
DA:175,2
DA:176,1
DA:177,1
DA:178,2
DA:179,2
DA:180,2
DA:181,1
DA:182,1
DA:183,2
DA:184,2
DA:185,2
DA:196,2
DA:198,2
DA:200,2
DA:202,2
DA:207,2
DA:208,2
DA:209,2
DA:211,2
DA:218,2
DA:219,4
DA:221,1
DA:223,1
DA:225,1
DA:227,1
DA:240,2
DA:242,2
DA:244,2
DA:246,2
DA:248,2
DA:253,2
DA:254,2
DA:255,2
DA:257,2
DA:259,2
DA:261,2
DA:268,3
DA:270,3
DA:272,3
DA:274,3
DA:276,3
DA:288,2
DA:290,2
DA:292,1
DA:294,1
DA:299,2
DA:300,2
DA:301,2
DA:303,2
DA:305,2
DA:312,1
DA:314,1
DA:316,1
DA:318,1
LF:120
LH:120
end_of_record
SF:lib\models\chat_message.dart
DA:13,1
DA:25,1
DA:26,1
DA:27,1
DA:28,1
DA:29,1
DA:30,1
DA:31,1
DA:32,1
DA:33,1
DA:34,2
DA:35,2
DA:39,1
DA:40,1
DA:41,1
DA:42,1
DA:43,1
DA:44,1
DA:45,1
DA:46,1
DA:47,1
DA:48,2
DA:49,2
DA:54,1
DA:65,1
DA:66,1
DA:67,1
DA:68,1
DA:69,1
DA:70,1
DA:71,0
DA:72,0
DA:73,1
DA:74,1
DA:79,1
DA:80,2
DA:84,1
DA:85,2
DA:88,1
DA:90,3
DA:91,2
DA:92,1
DA:93,5
DA:106,1
DA:115,1
DA:122,2
DA:125,2
DA:126,3
DA:127,1
DA:129,1
DA:132,1
DA:133,1
DA:139,1
DA:141,8
LF:54
LH:52
end_of_record
SF:lib\models\field.dart
DA:7,1
DA:9,1
DA:11,1
DA:13,1
DA:18,2
DA:20,2
DA:22,2
DA:24,2
DA:29,2
DA:30,2
DA:31,2
DA:33,2
DA:35,2
DA:67,2
DA:92,6
DA:94,2
DA:97,2
DA:98,4
DA:99,2
DA:100,6
DA:101,2
DA:102,4
DA:103,4
DA:109,2
DA:110,4
DA:111,1
DA:113,1
DA:116,2
DA:117,2
DA:118,2
DA:119,2
DA:120,2
DA:121,2
DA:122,2
DA:123,2
DA:124,2
DA:127,4
DA:128,4
DA:129,2
DA:130,2
DA:131,2
DA:132,2
DA:133,2
DA:134,2
DA:135,2
DA:136,4
DA:137,4
DA:141,1
DA:142,1
DA:143,1
DA:144,1
DA:145,1
DA:146,1
DA:147,1
DA:148,1
DA:149,1
DA:150,1
DA:151,2
DA:152,1
DA:153,1
DA:154,1
DA:155,1
DA:156,1
DA:157,1
DA:158,1
DA:159,1
DA:160,1
DA:161,1
DA:162,1
DA:163,2
DA:164,2
DA:168,2
DA:191,2
DA:192,2
DA:193,2
DA:194,2
DA:195,2
DA:196,2
DA:197,2
DA:198,2
DA:199,2
DA:200,1
DA:201,2
DA:202,2
DA:203,2
DA:204,2
DA:205,2
DA:206,2
DA:207,2
DA:208,2
DA:209,2
DA:210,2
DA:211,2
DA:212,2
LF:94
LH:94
end_of_record
SF:lib\models\maintenance_schedule.dart
DA:8,1
DA:10,1
DA:12,1
DA:14,1
DA:16,1
DA:21,1
DA:23,1
DA:25,1
DA:27,1
DA:29,1
DA:34,1
DA:35,1
DA:36,1
DA:38,1
DA:40,1
DA:42,1
DA:69,1
DA:87,1
DA:93,3
DA:94,2
DA:96,3
DA:97,2
DA:99,3
DA:100,2
DA:103,1
DA:104,1
DA:105,1
DA:106,1
DA:107,1
DA:108,1
DA:109,2
DA:110,2
DA:111,2
DA:112,1
DA:113,1
DA:114,2
DA:115,2
DA:122,1
DA:123,1
DA:124,1
DA:125,1
DA:126,1
DA:127,1
DA:128,1
DA:129,2
DA:130,2
DA:131,2
DA:132,1
DA:133,1
DA:134,2
DA:135,2
DA:139,1
DA:156,1
DA:157,1
DA:158,1
DA:159,1
DA:160,1
DA:161,1
DA:162,1
DA:163,1
DA:164,0
DA:165,1
DA:166,1
DA:167,1
DA:168,1
DA:169,1
DA:170,1
DA:171,1
DA:175,3
DA:176,3
DA:177,3
LF:71
LH:70
end_of_record
SF:lib\models\payment_confirmation_data.dart
DA:31,1
DA:51,1
LF:2
LH:2
end_of_record
SF:lib\models\payment_success_data.dart
DA:10,1
LF:1
LH:1
end_of_record
SF:lib\models\e_ticket_data.dart
DA:7,1
DA:14,1
DA:15,1
DA:16,1
DA:17,1
DA:18,1
DA:19,1
DA:23,1
DA:24,1
DA:25,1
DA:26,1
DA:27,1
DA:28,1
LF:13
LH:13
end_of_record
SF:lib\models\push_notification.dart
DA:13,1
DA:25,1
DA:26,1
DA:27,1
DA:28,1
DA:29,1
DA:30,1
DA:31,1
DA:32,1
DA:33,1
DA:34,2
DA:39,1
DA:40,1
DA:41,1
DA:42,1
DA:43,1
DA:44,1
DA:45,1
DA:46,1
DA:47,1
DA:48,2
DA:52,1
DA:63,1
DA:64,1
DA:65,1
DA:66,1
DA:67,1
DA:68,1
DA:69,1
DA:70,0
DA:71,1
DA:72,0
DA:90,2
DA:103,1
DA:105,1
DA:107,1
DA:109,1
DA:111,1
DA:113,1
DA:115,1
DA:117,1
DA:119,1
DA:121,1
DA:129,1
DA:131,1
DA:133,1
DA:135,1
DA:137,1
DA:139,1
DA:141,1
DA:143,1
DA:145,1
DA:147,1
LF:53
LH:51
end_of_record
SF:lib\models\revenue_analytics.dart
DA:19,1
DA:35,4
DA:37,3
DA:38,4
DA:41,3
DA:42,4
DA:52,1
DA:58,4
DA:72,1
DA:93,1
DA:102,1
DA:103,1
DA:104,2
DA:105,2
DA:106,2
DA:107,1
DA:108,1
DA:109,2
DA:111,1
DA:112,2
DA:117,1
DA:118,1
DA:119,2
DA:120,2
DA:121,1
DA:122,1
DA:123,2
DA:124,2
DA:135,1
DA:137,1
DA:139,1
DA:141,1
DA:146,1
DA:148,1
DA:150,1
DA:152,1
DA:157,1
DA:158,1
DA:159,1
DA:161,1
DA:163,1
DA:177,1
DA:179,1
DA:181,1
DA:183,1
DA:188,1
DA:190,1
DA:192,1
DA:194,1
DA:199,1
DA:200,1
DA:201,1
DA:203,1
DA:205,1
LF:54
LH:54
end_of_record
SF:lib\models\review.dart
DA:11,1
DA:21,1
DA:22,1
DA:23,1
DA:24,1
DA:25,1
DA:26,1
DA:27,1
DA:28,2
DA:29,2
DA:33,1
DA:34,1
DA:35,1
DA:36,1
DA:37,1
DA:38,1
DA:39,1
DA:40,2
DA:41,2
LF:19
LH:19
end_of_record
SF:lib\models\staff.dart
DA:7,1
DA:9,1
DA:11,1
DA:13,1
DA:18,1
DA:20,1
DA:22,1
DA:24,1
DA:29,1
DA:30,1
DA:31,1
DA:33,1
DA:35,1
DA:57,1
DA:71,1
DA:72,1
DA:73,1
DA:74,1
DA:75,1
DA:76,1
DA:77,1
DA:78,2
DA:79,3
DA:80,1
DA:81,1
DA:82,2
DA:84,2
DA:85,2
DA:89,1
DA:90,1
DA:91,1
DA:92,1
DA:93,1
DA:94,1
DA:95,1
DA:96,2
DA:97,1
DA:98,1
DA:99,2
DA:100,2
DA:101,2
DA:105,1
DA:118,1
DA:119,1
DA:120,1
DA:121,0
DA:122,1
DA:123,1
DA:124,0
DA:125,1
DA:126,1
DA:127,1
DA:128,1
DA:129,1
LF:54
LH:52
end_of_record
SF:lib\models\time_slot.dart
DA:17,1
DA:31,1
DA:32,1
DA:33,1
DA:34,1
DA:35,1
DA:36,1
DA:37,1
DA:38,1
DA:39,1
DA:40,1
DA:41,1
DA:42,2
DA:44,1
DA:45,2
DA:51,1
DA:52,1
DA:53,3
DA:54,2
DA:55,2
DA:56,2
DA:57,2
DA:58,2
DA:59,2
DA:60,2
DA:61,4
DA:62,4
DA:69,1
DA:71,1
DA:72,4
DA:73,1
DA:74,1
DA:76,1
DA:80,3
DA:83,4
DA:86,1
DA:98,1
DA:99,1
DA:100,1
DA:101,1
DA:102,1
DA:103,0
DA:104,0
DA:105,1
DA:106,1
DA:107,1
DA:108,1
DA:112,1
DA:114,4
DA:115,2
DA:116,2
LF:51
LH:49
end_of_record
SF:lib\models\user_role.dart
DA:8,1
DA:9,1
DA:10,1
DA:12,1
DA:21,1
DA:23,1
DA:27,1
DA:28,2
DA:32,1
DA:33,1
DA:37,1
DA:38,1
DA:42,1
DA:44,1
DA:46,1
DA:48,1
LF:16
LH:16
end_of_record
SF:lib\models\venue.dart
DA:16,1
DA:31,1
DA:32,1
DA:33,1
DA:34,1
DA:35,1
DA:36,1
DA:37,1
DA:38,1
DA:39,1
DA:40,2
DA:41,1
DA:42,1
DA:43,2
DA:44,2
DA:48,1
DA:49,1
DA:50,1
DA:51,1
DA:52,1
DA:53,1
DA:54,1
DA:55,1
DA:56,1
DA:57,1
DA:58,1
DA:59,1
DA:60,2
DA:61,2
LF:29
LH:29
end_of_record
SF:lib\security\rasp_security.dart
DA:15,1
DA:32,0
DA:35,1
DA:38,0
DA:40,0
DA:45,1
DA:48,1
DA:49,1
DA:50,1
DA:51,1
DA:52,1
DA:54,1
DA:55,1
DA:56,1
DA:57,1
DA:58,1
DA:61,1
DA:62,1
DA:63,1
DA:65,1
DA:73,1
DA:74,1
DA:78,1
DA:80,0
DA:93,0
DA:94,0
DA:95,0
DA:101,0
DA:102,0
DA:107,0
DA:108,0
DA:109,0
DA:112,0
DA:115,1
DA:117,0
DA:126,0
DA:127,0
DA:128,0
DA:135,0
DA:136,0
DA:137,0
DA:138,0
DA:148,1
DA:149,1
DA:152,1
DA:159,1
DA:160,1
DA:165,1
DA:166,0
DA:169,0
DA:170,0
DA:171,0
DA:172,0
DA:173,0
DA:174,0
DA:175,0
DA:176,0
DA:180,0
DA:181,0
DA:184,1
DA:185,0
DA:187,0
DA:188,0
DA:192,0
DA:200,1
DA:201,1
DA:206,1
DA:209,0
DA:214,0
DA:215,0
DA:216,0
DA:223,0
DA:225,0
DA:226,0
DA:232,0
DA:237,0
DA:238,0
DA:239,0
DA:245,0
DA:246,0
DA:251,0
DA:252,0
DA:253,0
DA:256,0
DA:258,1
DA:261,0
DA:263,0
DA:264,0
DA:270,0
DA:274,0
DA:275,0
DA:276,0
DA:282,0
DA:289,1
DA:290,1
DA:295,1
DA:298,1
DA:299,0
DA:302,1
DA:303,0
DA:307,0
DA:314,1
DA:315,1
DA:320,2
DA:321,1
DA:322,1
DA:323,1
DA:324,1
DA:325,1
DA:327,1
DA:329,1
DA:331,2
DA:339,0
DA:344,0
DA:349,0
DA:350,0
DA:351,0
DA:352,0
DA:354,0
DA:359,0
DA:361,0
DA:362,0
DA:363,0
DA:364,0
DA:376,1
DA:377,1
DA:380,2
DA:388,1
DA:389,1
DA:390,1
DA:393,1
DA:397,1
DA:401,1
LF:133
LH:57
end_of_record
SF:lib\config\build_config.dart
DA:25,1
DA:26,1
DA:30,1
DA:31,1
DA:35,1
DA:36,1
DA:44,1
DA:45,1
DA:50,2
DA:54,0
DA:55,0
DA:60,0
DA:64,0
DA:65,0
DA:69,1
DA:72,1
DA:75,1
DA:78,1
DA:81,1
DA:84,1
DA:87,1
DA:99,1
DA:126,0
DA:128,0
DA:137,0
DA:139,0
DA:140,0
DA:148,0
DA:149,0
DA:151,0
DA:152,0
DA:153,0
DA:154,0
DA:155,0
DA:156,0
DA:162,0
DA:165,0
DA:166,0
DA:167,0
DA:168,0
DA:169,0
DA:170,0
DA:171,0
DA:172,0
DA:173,0
DA:174,0
DA:175,0
LF:47
LH:17
end_of_record
SF:lib\config\ssl_config.dart
DA:24,1
DA:29,1
DA:39,1
DA:41,1
DA:47,2
DA:76,4
DA:84,2
DA:93,2
DA:98,1
DA:99,1
DA:100,1
DA:101,1
DA:103,2
DA:104,2
DA:105,2
DA:112,2
DA:113,2
DA:114,2
DA:116,4
DA:118,2
DA:120,2
DA:121,0
DA:122,2
DA:123,0
DA:132,2
DA:134,6
DA:136,0
DA:142,4
DA:143,2
DA:145,0
DA:152,2
DA:153,0
DA:155,0
LF:33
LH:27
end_of_record
SF:lib\utils\input_sanitizer.dart
DA:7,1
DA:8,1
DA:11,1
DA:12,1
DA:13,1
DA:14,1
DA:15,1
DA:16,1
DA:22,1
DA:23,1
DA:26,1
DA:27,1
DA:28,1
DA:29,1
DA:30,1
DA:31,1
DA:32,1
DA:33,1
DA:35,1
DA:43,2
DA:44,2
DA:47,1
DA:51,1
DA:52,1
DA:54,1
DA:59,3
DA:63,1
DA:64,1
DA:66,2
DA:67,1
DA:69,1
DA:73,0
DA:76,0
DA:77,0
DA:78,0
DA:81,0
DA:88,0
DA:89,0
DA:93,0
DA:95,0
DA:98,0
DA:105,0
DA:106,0
DA:110,0
DA:113,0
DA:117,0
DA:122,0
DA:130,0
DA:131,0
DA:135,0
DA:139,0
DA:143,0
DA:151,0
DA:152,0
DA:157,0
DA:159,0
DA:163,0
DA:174,0
DA:176,0
DA:177,0
DA:184,0
DA:188,0
DA:189,0
DA:190,0
DA:193,0
DA:200,0
DA:205,0
DA:209,0
DA:210,0
DA:217,0
DA:222,0
DA:226,0
DA:227,0
DA:234,0
DA:237,0
DA:238,0
DA:239,0
DA:249,0
DA:250,0
DA:251,0
DA:252,0
DA:256,0
DA:257,0
DA:259,0
DA:269,0
DA:270,0
DA:271,0
DA:272,0
DA:273,0
DA:274,0
DA:277,0
DA:278,0
DA:280,0
DA:292,1
DA:294,1
DA:295,2
DA:296,2
DA:300,0
DA:301,0
DA:305,1
DA:306,2
DA:307,1
DA:311,0
DA:312,0
DA:316,0
DA:317,0
DA:321,0
DA:323,0
DA:325,0
DA:329,0
DA:333,0
DA:340,1
DA:342,2
DA:343,2
DA:344,2
DA:348,1
DA:350,2
DA:351,1
DA:352,1
DA:353,1
DA:354,1
DA:358,1
DA:359,3
DA:360,7
DA:364,0
DA:365,0
DA:366,0
DA:367,0
DA:368,0
DA:374,0
DA:375,0
DA:376,0
DA:380,1
DA:381,2
DA:385,0
DA:386,0
DA:387,0
DA:391,1
DA:393,1
DA:394,2
DA:395,2
DA:397,3
DA:401,1
DA:402,1
DA:417,1
DA:418,2
DA:419,2
DA:424,0
DA:425,0
DA:429,0
DA:431,0
DA:433,0
DA:434,0
DA:441,0
DA:443,0
DA:444,0
DA:454,0
DA:456,0
DA:457,0
DA:459,0
DA:460,0
DA:469,0
DA:477,0
DA:479,0
DA:480,0
DA:483,0
DA:484,0
DA:487,0
DA:488,0
DA:498,0
DA:499,0
LF:171
LH:63
end_of_record
SF:lib\services\error_tracking_service.dart
DA:9,0
DA:10,0
DA:11,0
DA:29,1
DA:31,1
DA:38,1
DA:40,1
DA:41,1
DA:47,0
DA:48,0
DA:49,0
DA:50,0
DA:51,0
DA:52,0
DA:53,0
DA:54,0
DA:55,0
DA:56,0
DA:57,0
DA:58,0
DA:59,0
DA:61,0
DA:63,0
DA:64,0
DA:65,0
DA:71,0
DA:75,0
DA:77,0
DA:84,1
DA:89,0
DA:93,1
DA:94,2
DA:96,0
DA:101,1
DA:106,0
DA:109,1
DA:110,1
DA:114,1
DA:116,0
DA:128,1
DA:135,0
DA:140,1
DA:141,1
DA:143,1
DA:146,0
DA:147,0
DA:149,0
DA:150,0
DA:155,2
DA:157,0
DA:162,0
DA:169,0
DA:172,0
DA:174,0
DA:175,0
DA:181,0
DA:188,1
DA:196,2
DA:201,1
DA:204,0
DA:211,1
DA:219,1
DA:220,0
DA:228,0
DA:233,1
DA:239,1
DA:243,1
DA:246,1
DA:248,0
DA:253,2
DA:258,1
DA:261,1
DA:263,0
DA:273,1
DA:275,0
DA:278,1
DA:282,0
DA:283,0
DA:288,1
DA:291,1
DA:292,1
DA:293,0
DA:294,0
DA:297,0
DA:303,1
DA:304,1
DA:309,2
LF:87
LH:37
end_of_record
SF:lib\services\booking_expiration_service.dart
DA:14,1
DA:16,1
DA:19,1
DA:22,0
DA:23,1
DA:24,0
DA:27,1
DA:29,0
DA:34,1
DA:35,1
DA:37,1
DA:41,1
DA:44,1
DA:47,1
DA:48,0
DA:52,0
DA:53,0
DA:54,0
DA:55,0
DA:58,0
DA:59,0
DA:62,0
DA:68,0
DA:70,0
DA:71,0
DA:72,0
DA:76,0
DA:77,0
DA:80,0
DA:81,0
DA:86,0
DA:87,0
DA:89,0
DA:92,2
DA:97,0
DA:99,0
DA:103,0
DA:104,0
DA:105,0
DA:106,0
DA:111,0
DA:112,0
DA:113,0
DA:115,0
DA:119,0
DA:120,0
DA:122,0
DA:123,0
DA:124,0
DA:125,0
DA:127,0
DA:129,0
DA:132,0
DA:134,0
DA:140,0
DA:141,0
DA:145,0
DA:146,0
DA:148,0
DA:149,0
DA:150,0
DA:155,0
DA:156,0
DA:157,0
DA:158,0
DA:161,0
DA:165,0
DA:166,0
DA:170,0
DA:171,0
DA:173,0
DA:177,0
DA:178,0
DA:179,0
LF:74
LH:12
end_of_record
